2019-12-03 09:07:42,273 - INFO - Cadastrando campus.
2019-12-03 09:07:42,345 - INFO - Campi cadastrado com sucesso.
2019-12-03 09:30:51,572 - INFO - Cadastrando endereco.
2019-12-03 09:30:51,662 - INFO - Endereço cadastrado com sucesso.
2019-12-03 09:34:23,831 - INFO - Cadastrando turno.
2019-12-03 09:34:23,957 - INFO - Turno cadastrado com sucesso.
2019-12-03 09:35:44,385 - INFO - Cadastrando professor.
2019-12-03 09:35:44,522 - INFO - Professor cadastrado com sucesso.
2019-12-03 09:38:58,319 - INFO - Cadastrando escola.
2019-12-03 09:38:58,417 - INFO - Escola cadastrada com sucesso.
2019-12-03 09:40:12,328 - INFO - Cadastrando curso.
2019-12-03 09:40:12,424 - INFO - Curso cadastrado com sucesso.
2019-12-03 09:42:44,168 - INFO - Cadastrando disciplina.
2019-12-03 09:42:44,272 - INFO - Disciplina cadastrada com sucesso.
2019-12-03 09:44:23,309 - INFO - Cadastrando turma.
2019-12-03 09:44:23,411 - INFO - Turma cadastrada com sucesso.
2019-12-03 10:04:00,896 - INFO - Listando curso.
2019-12-03 10:04:00,897 - INFO - Curso listado com sucesso.
2019-12-05 10:52:08,566 - INFO - Cadastrando aluno...
2019-12-05 10:52:09,272 - INFO - Aluno Cadastrado com sucesso.
2019-12-06 10:17:37,629 - INFO - Cadastrando aluno...
2019-12-06 10:17:37,875 - INFO - Aluno Cadastrado com sucesso.
2019-12-06 10:18:45,593 - INFO - Cadastrando aluno...
2019-12-06 10:18:45,666 - INFO - Aluno Cadastrado com sucesso.
2019-12-06 10:19:12,988 - INFO - Cadastrando campus.
2019-12-06 10:19:13,067 - INFO - Campi cadastrado com sucesso.
2019-12-06 10:19:44,423 - INFO - Cadastrando curso.
2019-12-06 10:19:44,482 - INFO - Curso cadastrado com sucesso.
2019-12-06 10:20:12,645 - INFO - Cadastrando disciplina.
2019-12-06 10:20:12,707 - INFO - Disciplina cadastrada com sucesso.
2019-12-06 10:20:58,811 - INFO - Cadastrando endereco.
2019-12-06 10:20:58,893 - INFO - Endereço cadastrado com sucesso.
2019-12-06 10:21:22,310 - INFO - Cadastrando escola.
2019-12-06 10:21:22,385 - INFO - Escola cadastrada com sucesso.
2019-12-06 10:21:54,012 - INFO - Cadastrando professor.
2019-12-06 10:21:54,084 - INFO - Professor cadastrado com sucesso.
2019-12-06 10:22:23,002 - INFO - Cadastrando turma.
2019-12-06 10:22:23,067 - INFO - Turma cadastrada com sucesso.
2019-12-06 10:22:36,994 - INFO - Cadastrando turno.
2019-12-06 10:22:37,076 - INFO - Turno cadastrado com sucesso.
